<?xml version="1.0" encoding="UTF-8"?>
<!-- Generated by org.testng.reporters.JUnitReportReporter -->
<testsuite hostname="SL-1502" failures="0" tests="1" name="simpleSeleniumPackage.OpenGoogle" time="1.163" errors="0" timestamp="2023-02-15T20:23:57 PST" skipped="0">
  <testcase classname="simpleSeleniumPackage.OpenGoogle" name="testCase" time="1.163"/>
  <system-out/>
</testsuite> <!-- simpleSeleniumPackage.OpenGoogle -->
